# JRE version: OpenJDK Runtime Environment (21.0.6) (build 21.0.6+-13368085-b895.109)
# Java VM: OpenJDK 64-Bit Server VM (21.0.6+-13368085-b895.109, mixed mode, tiered, compressed oops, compressed class ptrs, g1 gc, windows-amd64)
GC Precious Log:
 CardTable entry size: 512
 Card Set container configuration: InlinePtr #cards 5 size 8 Array Of Cards #cards 12 size 40 Howl #buckets 4 coarsen threshold 1843 Howl Bitmap #cards 512 size 80 coarsen threshold 460 Card regions per heap region 1 cards per card region 2048
 CPUs: 8 total, 8 available
 Memory: 7591M
 Large Page Support: Disabled
 NUMA Support: Disabled
 Compressed Oops: Enabled (32-bit)
 Heap Region Size: 1M
 Heap Min Capacity: 8M
 Heap Initial Capacity: 120M
 Heap Max Capacity: 2G
 Pre-touch: Disabled
 Parallel Workers: 8
 Concurrent Workers: 2
 Concurrent Refinement Workers: 8
 Periodic GC: Disabled
Heap:
 garbage-first heap   total 194560K, used 132968K [0x0000000080000000, 0x0000000100000000)
  region size 1024K, 18 young (18432K), 8 survivors (8192K)
 Metaspace       used 95344K, committed 97344K, reserved 1179648K
  class space    used 12794K, committed 13824K, reserved 1048576K
GC Heap History (20 events):
Event: 21.928 GC heap before
{Heap before GC invocations=26 (full 0):
 garbage-first heap   total 145408K, used 129540K [0x0000000080000000, 0x0000000100000000)
  region size 1024K, 43 young (44032K), 4 survivors (4096K)
 Metaspace       used 73733K, committed 75648K, reserved 1114112K
  class space    used 9991K, committed 10944K, reserved 1048576K
}
Event: 21.934 GC heap after
{Heap after GC invocations=27 (full 0):
 garbage-first heap   total 145408K, used 90035K [0x0000000080000000, 0x0000000100000000)
  region size 1024K, 5 young (5120K), 5 survivors (5120K)
 Metaspace       used 73733K, committed 75648K, reserved 1114112K
  class space    used 9991K, committed 10944K, reserved 1048576K
}
Event: 22.228 GC heap before
{Heap before GC invocations=27 (full 0):
 garbage-first heap   total 145408K, used 128947K [0x0000000080000000, 0x0000000100000000)
  region size 1024K, 44 young (45056K), 5 survivors (5120K)
 Metaspace       used 73758K, committed 75648K, reserved 1114112K
  class space    used 9992K, committed 10944K, reserved 1048576K
}
Event: 22.233 GC heap after
{Heap after GC invocations=28 (full 0):
 garbage-first heap   total 145408K, used 90625K [0x0000000080000000, 0x0000000100000000)
  region size 1024K, 4 young (4096K), 4 survivors (4096K)
 Metaspace       used 73758K, committed 75648K, reserved 1114112K
  class space    used 9992K, committed 10944K, reserved 1048576K
}
Event: 22.614 GC heap before
{Heap before GC invocations=29 (full 0):
 garbage-first heap   total 153600K, used 130561K [0x0000000080000000, 0x0000000100000000)
  region size 1024K, 44 young (45056K), 4 survivors (4096K)
 Metaspace       used 73768K, committed 75648K, reserved 1114112K
  class space    used 9992K, committed 10944K, reserved 1048576K
}
Event: 22.621 GC heap after
{Heap after GC invocations=30 (full 0):
 garbage-first heap   total 153600K, used 91465K [0x0000000080000000, 0x0000000100000000)
  region size 1024K, 4 young (4096K), 4 survivors (4096K)
 Metaspace       used 73768K, committed 75648K, reserved 1114112K
  class space    used 9992K, committed 10944K, reserved 1048576K
}
Event: 23.274 GC heap before
{Heap before GC invocations=30 (full 0):
 garbage-first heap   total 153600K, used 148809K [0x0000000080000000, 0x0000000100000000)
  region size 1024K, 51 young (52224K), 4 survivors (4096K)
 Metaspace       used 74554K, committed 76480K, reserved 1179648K
  class space    used 10096K, committed 11072K, reserved 1048576K
}
Event: 23.284 GC heap after
{Heap after GC invocations=31 (full 0):
 garbage-first heap   total 161792K, used 105550K [0x0000000080000000, 0x0000000100000000)
  region size 1024K, 7 young (7168K), 7 survivors (7168K)
 Metaspace       used 74554K, committed 76480K, reserved 1179648K
  class space    used 10096K, committed 11072K, reserved 1048576K
}
Event: 23.355 GC heap before
{Heap before GC invocations=31 (full 0):
 garbage-first heap   total 161792K, used 110670K [0x0000000080000000, 0x0000000100000000)
  region size 1024K, 14 young (14336K), 7 survivors (7168K)
 Metaspace       used 74984K, committed 76864K, reserved 1179648K
  class space    used 10133K, committed 11072K, reserved 1048576K
}
Event: 23.360 GC heap after
{Heap after GC invocations=32 (full 0):
 garbage-first heap   total 194560K, used 107709K [0x0000000080000000, 0x0000000100000000)
  region size 1024K, 2 young (2048K), 2 survivors (2048K)
 Metaspace       used 74984K, committed 76864K, reserved 1179648K
  class space    used 10133K, committed 11072K, reserved 1048576K
}
Event: 24.897 GC heap before
{Heap before GC invocations=32 (full 0):
 garbage-first heap   total 194560K, used 174269K [0x0000000080000000, 0x0000000100000000)
  region size 1024K, 67 young (68608K), 2 survivors (2048K)
 Metaspace       used 81485K, committed 83520K, reserved 1179648K
  class space    used 10973K, committed 11968K, reserved 1048576K
}
Event: 24.903 GC heap after
{Heap after GC invocations=33 (full 0):
 garbage-first heap   total 194560K, used 109867K [0x0000000080000000, 0x0000000100000000)
  region size 1024K, 3 young (3072K), 3 survivors (3072K)
 Metaspace       used 81485K, committed 83520K, reserved 1179648K
  class space    used 10973K, committed 11968K, reserved 1048576K
}
Event: 25.277 GC heap before
{Heap before GC invocations=33 (full 0):
 garbage-first heap   total 194560K, used 122155K [0x0000000080000000, 0x0000000100000000)
  region size 1024K, 16 young (16384K), 3 survivors (3072K)
 Metaspace       used 83350K, committed 85376K, reserved 1179648K
  class space    used 11203K, committed 12224K, reserved 1048576K
}
Event: 25.283 GC heap after
{Heap after GC invocations=34 (full 0):
 garbage-first heap   total 194560K, used 111681K [0x0000000080000000, 0x0000000100000000)
  region size 1024K, 5 young (5120K), 5 survivors (5120K)
 Metaspace       used 83350K, committed 85376K, reserved 1179648K
  class space    used 11203K, committed 12224K, reserved 1048576K
}
Event: 26.540 GC heap before
{Heap before GC invocations=35 (full 0):
 garbage-first heap   total 194560K, used 182337K [0x0000000080000000, 0x0000000100000000)
  region size 1024K, 69 young (70656K), 5 survivors (5120K)
 Metaspace       used 87373K, committed 89408K, reserved 1179648K
  class space    used 11721K, committed 12736K, reserved 1048576K
}
Event: 26.551 GC heap after
{Heap after GC invocations=36 (full 0):
 garbage-first heap   total 194560K, used 117404K [0x0000000080000000, 0x0000000100000000)
  region size 1024K, 9 young (9216K), 9 survivors (9216K)
 Metaspace       used 87373K, committed 89408K, reserved 1179648K
  class space    used 11721K, committed 12736K, reserved 1048576K
}
Event: 27.987 GC heap before
{Heap before GC invocations=36 (full 0):
 garbage-first heap   total 194560K, used 174748K [0x0000000080000000, 0x0000000100000000)
  region size 1024K, 65 young (66560K), 9 survivors (9216K)
 Metaspace       used 93054K, committed 95040K, reserved 1179648K
  class space    used 12460K, committed 13440K, reserved 1048576K
}
Event: 27.999 GC heap after
{Heap after GC invocations=37 (full 0):
 garbage-first heap   total 194560K, used 118460K [0x0000000080000000, 0x0000000100000000)
  region size 1024K, 4 young (4096K), 4 survivors (4096K)
 Metaspace       used 93054K, committed 95040K, reserved 1179648K
  class space    used 12460K, committed 13440K, reserved 1048576K
}
Event: 29.062 GC heap before
{Heap before GC invocations=37 (full 0):
 garbage-first heap   total 194560K, used 178876K [0x0000000080000000, 0x0000000100000000)
  region size 1024K, 63 young (64512K), 4 survivors (4096K)
 Metaspace       used 95344K, committed 97344K, reserved 1179648K
  class space    used 12794K, committed 13824K, reserved 1048576K
}
Event: 29.071 GC heap after
{Heap after GC invocations=38 (full 0):
 garbage-first heap   total 194560K, used 123752K [0x0000000080000000, 0x0000000100000000)
  region size 1024K, 8 young (8192K), 8 survivors (8192K)
 Metaspace       used 95344K, committed 97344K, reserved 1179648K
  class space    used 12794K, committed 13824K, reserved 1048576K
}

