# JRE version: OpenJDK Runtime Environment Temurin-21.0.7+6 (21.0.7+6) (build 21.0.7+6-LTS)
# Java VM: OpenJDK 64-Bit Server VM Temurin-21.0.7+6 (21.0.7+6-LTS, mixed mode, sharing, tiered, compressed oops, compressed class ptrs, g1 gc, windows-amd64)
GC Precious Log:
 CardTable entry size: 512
 Card Set container configuration: InlinePtr #cards 5 size 8 Array Of Cards #cards 12 size 40 Howl #buckets 4 coarsen threshold 1843 Howl Bitmap #cards 512 size 80 coarsen threshold 460 Card regions per heap region 1 cards per card region 2048
 CPUs: 8 total, 8 available
 Memory: 7591M
 Large Page Support: Disabled
 NUMA Support: Disabled
 Compressed Oops: Enabled (32-bit)
 Heap Region Size: 1M
 Heap Min Capacity: 8M
 Heap Initial Capacity: 120M
 Heap Max Capacity: 2G
 Pre-touch: Disabled
 Parallel Workers: 8
 Concurrent Workers: 2
 Concurrent Refinement Workers: 8
 Periodic GC: Disabled
Heap:
 garbage-first heap   total 158720K, used 137240K [0x0000000080000000, 0x0000000100000000)
  region size 1024K, 47 young (48128K), 3 survivors (3072K)
 Metaspace       used 85531K, committed 87680K, reserved 1179648K
  class space    used 11948K, committed 13056K, reserved 1048576K
GC Heap History (20 events):
Event: 24.197 GC heap before
{Heap before GC invocations=22 (full 0):
 garbage-first heap   total 103424K, used 100865K [0x0000000080000000, 0x0000000100000000)
  region size 1024K, 41 young (41984K), 5 survivors (5120K)
 Metaspace       used 57125K, committed 58944K, reserved 1114112K
  class space    used 8000K, committed 8896K, reserved 1048576K
}
Event: 24.207 GC heap after
{Heap after GC invocations=23 (full 0):
 garbage-first heap   total 114688K, used 71506K [0x0000000080000000, 0x0000000100000000)
  region size 1024K, 6 young (6144K), 6 survivors (6144K)
 Metaspace       used 57125K, committed 58944K, reserved 1114112K
  class space    used 8000K, committed 8896K, reserved 1048576K
}
Event: 25.120 GC heap before
{Heap before GC invocations=23 (full 0):
 garbage-first heap   total 114688K, used 100178K [0x0000000080000000, 0x0000000100000000)
  region size 1024K, 35 young (35840K), 6 survivors (6144K)
 Metaspace       used 60061K, committed 61824K, reserved 1114112K
  class space    used 8322K, committed 9216K, reserved 1048576K
}
Event: 25.127 GC heap after
{Heap after GC invocations=24 (full 0):
 garbage-first heap   total 114688K, used 71991K [0x0000000080000000, 0x0000000100000000)
  region size 1024K, 2 young (2048K), 2 survivors (2048K)
 Metaspace       used 60061K, committed 61824K, reserved 1114112K
  class space    used 8322K, committed 9216K, reserved 1048576K
}
Event: 25.931 GC heap before
{Heap before GC invocations=24 (full 0):
 garbage-first heap   total 114688K, used 100663K [0x0000000080000000, 0x0000000100000000)
  region size 1024K, 31 young (31744K), 2 survivors (2048K)
 Metaspace       used 63326K, committed 65280K, reserved 1114112K
  class space    used 8805K, committed 9792K, reserved 1048576K
}
Event: 25.940 GC heap after
{Heap after GC invocations=25 (full 0):
 garbage-first heap   total 114688K, used 74243K [0x0000000080000000, 0x0000000100000000)
  region size 1024K, 4 young (4096K), 4 survivors (4096K)
 Metaspace       used 63326K, committed 65280K, reserved 1114112K
  class space    used 8805K, committed 9792K, reserved 1048576K
}
Event: 26.633 GC heap before
{Heap before GC invocations=26 (full 0):
 garbage-first heap   total 126976K, used 105987K [0x0000000080000000, 0x0000000100000000)
  region size 1024K, 31 young (31744K), 4 survivors (4096K)
 Metaspace       used 64826K, committed 66752K, reserved 1114112K
  class space    used 9000K, committed 9920K, reserved 1048576K
}
Event: 26.640 GC heap after
{Heap after GC invocations=27 (full 0):
 garbage-first heap   total 126976K, used 78500K [0x0000000080000000, 0x0000000100000000)
  region size 1024K, 4 young (4096K), 4 survivors (4096K)
 Metaspace       used 64826K, committed 66752K, reserved 1114112K
  class space    used 9000K, committed 9920K, reserved 1048576K
}
Event: 27.323 GC heap before
{Heap before GC invocations=27 (full 0):
 garbage-first heap   total 126976K, used 111268K [0x0000000080000000, 0x0000000100000000)
  region size 1024K, 37 young (37888K), 4 survivors (4096K)
 Metaspace       used 67251K, committed 69184K, reserved 1114112K
  class space    used 9318K, committed 10304K, reserved 1048576K
}
Event: 27.330 GC heap after
{Heap after GC invocations=28 (full 0):
 garbage-first heap   total 126976K, used 80386K [0x0000000080000000, 0x0000000100000000)
  region size 1024K, 3 young (3072K), 3 survivors (3072K)
 Metaspace       used 67251K, committed 69184K, reserved 1114112K
  class space    used 9318K, committed 10304K, reserved 1048576K
}
Event: 28.334 GC heap before
{Heap before GC invocations=28 (full 0):
 garbage-first heap   total 126976K, used 114178K [0x0000000080000000, 0x0000000100000000)
  region size 1024K, 36 young (36864K), 3 survivors (3072K)
 Metaspace       used 71101K, committed 73024K, reserved 1114112K
  class space    used 9785K, committed 10752K, reserved 1048576K
}
Event: 28.342 GC heap after
{Heap after GC invocations=29 (full 0):
 garbage-first heap   total 152576K, used 81526K [0x0000000080000000, 0x0000000100000000)
  region size 1024K, 4 young (4096K), 4 survivors (4096K)
 Metaspace       used 71101K, committed 73024K, reserved 1114112K
  class space    used 9785K, committed 10752K, reserved 1048576K
}
Event: 29.796 GC heap before
{Heap before GC invocations=30 (full 0):
 garbage-first heap   total 152576K, used 134774K [0x0000000080000000, 0x0000000100000000)
  region size 1024K, 53 young (54272K), 4 survivors (4096K)
 Metaspace       used 74729K, committed 76736K, reserved 1179648K
  class space    used 10303K, committed 11328K, reserved 1048576K
}
Event: 29.804 GC heap after
{Heap after GC invocations=31 (full 0):
 garbage-first heap   total 152576K, used 86845K [0x0000000080000000, 0x0000000100000000)
  region size 1024K, 6 young (6144K), 6 survivors (6144K)
 Metaspace       used 74729K, committed 76736K, reserved 1179648K
  class space    used 10303K, committed 11328K, reserved 1048576K
}
Event: 30.779 GC heap before
{Heap before GC invocations=31 (full 0):
 garbage-first heap   total 152576K, used 134973K [0x0000000080000000, 0x0000000100000000)
  region size 1024K, 53 young (54272K), 6 survivors (6144K)
 Metaspace       used 75883K, committed 77888K, reserved 1179648K
  class space    used 10464K, committed 11456K, reserved 1048576K
}
Event: 30.790 GC heap after
{Heap after GC invocations=32 (full 0):
 garbage-first heap   total 152576K, used 90664K [0x0000000080000000, 0x0000000100000000)
  region size 1024K, 7 young (7168K), 7 survivors (7168K)
 Metaspace       used 75883K, committed 77888K, reserved 1179648K
  class space    used 10464K, committed 11456K, reserved 1048576K
}
Event: 32.269 GC heap before
{Heap before GC invocations=32 (full 0):
 garbage-first heap   total 152576K, used 130600K [0x0000000080000000, 0x0000000100000000)
  region size 1024K, 47 young (48128K), 7 survivors (7168K)
 Metaspace       used 78916K, committed 80960K, reserved 1179648K
  class space    used 10877K, committed 11904K, reserved 1048576K
}
Event: 32.278 GC heap after
{Heap after GC invocations=33 (full 0):
 garbage-first heap   total 152576K, used 92503K [0x0000000080000000, 0x0000000100000000)
  region size 1024K, 3 young (3072K), 3 survivors (3072K)
 Metaspace       used 78916K, committed 80960K, reserved 1179648K
  class space    used 10877K, committed 11904K, reserved 1048576K
}
Event: 33.837 GC heap before
{Heap before GC invocations=34 (full 0):
 garbage-first heap   total 158720K, used 138583K [0x0000000080000000, 0x0000000100000000)
  region size 1024K, 47 young (48128K), 3 survivors (3072K)
 Metaspace       used 82404K, committed 84480K, reserved 1179648K
  class space    used 11488K, committed 12544K, reserved 1048576K
}
Event: 33.843 GC heap after
{Heap after GC invocations=35 (full 0):
 garbage-first heap   total 158720K, used 93208K [0x0000000080000000, 0x0000000100000000)
  region size 1024K, 3 young (3072K), 3 survivors (3072K)
 Metaspace       used 82404K, committed 84480K, reserved 1179648K
  class space    used 11488K, committed 12544K, reserved 1048576K
}

